2025-05-13 15:45:00 | DEBUG | repo=2017-course-sys-int-activemq-seminar | action=commit
2025-09-26 15:14:00 | DEBUG | repo=2017-course-sys-int-activemq-seminar | action=commit
2025-01-16 19:53:00 | INFO | repo=2017-course-sys-int-activemq-seminar | action=commit
2025-03-25 20:04:00 | INFO | repo=2017-course-sys-int-activemq-seminar | action=commit
2025-02-12 08:31:00 | INFO | repo=2017-course-sys-int-activemq-seminar | action=edit | files=2
2025-12-08 07:12:00 | WARN | repo=2017-course-sys-int-activemq-seminar | action=edit | files=3
2025-06-06 18:58:00 | WARN | repo=2017-course-sys-int-activemq-seminar | action=commit
2025-07-24 16:23:00 | WARN | repo=2017-course-sys-int-activemq-seminar | action=commit
2025-02-04 19:49:00 | DEBUG | repo=2017-course-sys-int-activemq-seminar | action=test | passed=true
2025-09-08 07:11:00 | INFO | repo=2017-course-sys-int-activemq-seminar | action=commit
2025-04-06 07:20:00 | INFO | repo=2017-course-sys-int-activemq-seminar | action=test | passed=true
2025-01-05 07:02:00 | WARN | repo=2017-course-sys-int-activemq-seminar | action=pull
2025-08-26 16:08:00 | DEBUG | repo=2017-course-sys-int-activemq-seminar | action=edit | files=4
2025-10-14 14:27:00 | INFO | repo=2017-course-sys-int-activemq-seminar | action=commit
2025-01-17 16:40:00 | WARN | repo=2017-course-sys-int-activemq-seminar | action=edit | files=3
2025-10-15 09:49:00 | WARN | repo=2017-course-sys-int-activemq-seminar | action=commit
2025-01-07 12:30:00 | DEBUG | repo=2017-course-sys-int-activemq-seminar | action=commit
2025-10-16 08:39:00 | DEBUG | repo=2017-course-sys-int-activemq-seminar | action=commit
2025-08-09 08:17:00 | INFO | repo=2017-course-sys-int-activemq-seminar | action=test | passed=true
2025-11-08 12:03:00 | DEBUG | repo=2017-course-sys-int-activemq-seminar | action=test | passed=true
2025-04-26 08:42:00 | INFO | repo=2017-course-sys-int-activemq-seminar | action=commit
2025-07-10 10:22:00 | DEBUG | repo=2017-course-sys-int-activemq-seminar | action=test | passed=true
2025-09-15 12:43:00 | INFO | repo=2017-course-sys-int-activemq-seminar | action=commit
2025-11-09 18:26:00 | WARN | repo=2017-course-sys-int-activemq-seminar | action=commit
2025-09-08 19:54:00 | WARN | repo=2017-course-sys-int-activemq-seminar | action=edit | files=4
2025-03-14 19:11:00 | WARN | repo=2017-course-sys-int-activemq-seminar | action=commit
2025-11-17 08:44:00 | INFO | repo=2017-course-sys-int-activemq-seminar | action=commit
2025-01-08 19:52:00 | DEBUG | repo=2017-course-sys-int-activemq-seminar | action=commit
2025-03-02 11:15:00 | DEBUG | repo=2017-course-sys-int-activemq-seminar | action=commit
2025-06-19 07:04:00 | DEBUG | repo=2017-course-sys-int-activemq-seminar | action=edit | files=1
2025-02-10 08:50:00 | DEBUG | repo=2017-course-sys-int-activemq-seminar | action=commit
2025-07-09 21:20:00 | INFO | repo=2017-course-sys-int-activemq-seminar | action=commit
2025-12-18 07:28:00 | DEBUG | repo=2017-course-sys-int-activemq-seminar | action=pull
2025-05-18 17:40:00 | WARN | repo=2017-course-sys-int-activemq-seminar | action=commit
2025-11-23 15:14:00 | WARN | repo=2017-course-sys-int-activemq-seminar | action=test | passed=true
2025-05-07 18:00:00 | INFO | repo=2017-course-sys-int-activemq-seminar | action=edit | files=1
2025-09-11 12:32:00 | INFO | repo=2017-course-sys-int-activemq-seminar | action=commit
2025-06-06 13:01:00 | INFO | repo=2017-course-sys-int-activemq-seminar | action=commit
2025-03-01 19:13:00 | DEBUG | repo=2017-course-sys-int-activemq-seminar | action=commit
2025-04-06 21:30:00 | DEBUG | repo=2017-course-sys-int-activemq-seminar | action=commit
2025-08-18 21:40:00 | WARN | repo=2017-course-sys-int-activemq-seminar | action=commit
2025-01-28 17:30:00 | WARN | repo=2017-course-sys-int-activemq-seminar | action=commit
2025-06-07 16:14:00 | DEBUG | repo=2017-course-sys-int-activemq-seminar | action=commit
2025-04-01 09:43:00 | DEBUG | repo=2017-course-sys-int-activemq-seminar | action=test | passed=true
2025-05-20 10:14:00 | DEBUG | repo=2017-course-sys-int-activemq-seminar | action=commit
2025-08-15 19:06:00 | DEBUG | repo=2017-course-sys-int-activemq-seminar | action=commit
2025-10-04 10:30:00 | WARN | repo=2017-course-sys-int-activemq-seminar | action=commit
2025-06-10 15:32:00 | DEBUG | repo=2017-course-sys-int-activemq-seminar | action=commit
2025-09-06 15:56:00 | WARN | repo=2017-course-sys-int-activemq-seminar | action=edit | files=3
2025-02-02 18:49:00 | DEBUG | repo=2017-course-sys-int-activemq-seminar | action=pull
2025-12-02 10:53:00 | WARN | repo=2017-course-sys-int-activemq-seminar | action=commit
2025-05-08 19:21:00 | WARN | repo=2017-course-sys-int-activemq-seminar | action=edit | files=4
2025-09-10 09:58:00 | INFO | repo=2017-course-sys-int-activemq-seminar | action=commit
2025-10-22 07:19:00 | DEBUG | repo=2017-course-sys-int-activemq-seminar | action=edit | files=3
2025-08-06 16:34:00 | INFO | repo=2017-course-sys-int-activemq-seminar | action=commit
2025-02-04 09:21:00 | INFO | repo=2017-course-sys-int-activemq-seminar | action=commit
2025-02-04 15:15:00 | DEBUG | repo=2017-course-sys-int-activemq-seminar | action=commit
2025-03-10 13:47:00 | INFO | repo=2017-course-sys-int-activemq-seminar | action=commit
2025-07-24 09:41:00 | WARN | repo=2017-course-sys-int-activemq-seminar | action=commit
2025-09-13 14:56:00 | DEBUG | repo=2017-course-sys-int-activemq-seminar | action=commit
2025-08-06 20:54:00 | WARN | repo=2017-course-sys-int-activemq-seminar | action=commit
2025-01-01 11:34:00 | DEBUG | repo=2017-course-sys-int-activemq-seminar | action=commit
2025-04-07 18:32:00 | DEBUG | repo=2017-course-sys-int-activemq-seminar | action=pull
2025-08-14 20:21:00 | DEBUG | repo=2017-course-sys-int-activemq-seminar | action=commit
2025-12-24 15:45:00 | INFO | repo=2017-course-sys-int-activemq-seminar | action=commit
2025-02-17 18:49:00 | INFO | repo=2017-course-sys-int-activemq-seminar | action=edit | files=5
2025-02-28 16:20:00 | INFO | repo=2017-course-sys-int-activemq-seminar | action=edit | files=2
2025-06-23 13:12:00 | WARN | repo=2017-course-sys-int-activemq-seminar | action=commit
2025-02-27 11:06:00 | WARN | repo=2017-course-sys-int-activemq-seminar | action=commit
2025-06-25 08:06:00 | DEBUG | repo=2017-course-sys-int-activemq-seminar | action=commit
2025-11-02 12:21:00 | INFO | repo=2017-course-sys-int-activemq-seminar | action=edit | files=2
2025-06-18 08:47:00 | DEBUG | repo=2017-course-sys-int-activemq-seminar | action=commit
2025-09-02 14:13:00 | INFO | repo=2017-course-sys-int-activemq-seminar | action=commit
2025-11-05 17:19:00 | INFO | repo=2017-course-sys-int-activemq-seminar | action=commit
2025-10-07 14:03:00 | WARN | repo=2017-course-sys-int-activemq-seminar | action=test | passed=true
2025-02-04 08:22:00 | DEBUG | repo=2017-course-sys-int-activemq-seminar | action=commit
2025-12-04 11:02:00 | INFO | repo=2017-course-sys-int-activemq-seminar | action=pull
2025-02-16 21:18:00 | INFO | repo=2017-course-sys-int-activemq-seminar | action=pull
2025-04-21 19:57:00 | WARN | repo=2017-course-sys-int-activemq-seminar | action=commit
2025-01-09 08:55:00 | DEBUG | repo=2017-course-sys-int-activemq-seminar | action=edit | files=4
2025-01-24 20:00:00 | DEBUG | repo=2017-course-sys-int-activemq-seminar | action=edit | files=2
2025-05-19 17:02:00 | INFO | repo=2017-course-sys-int-activemq-seminar | action=commit
2025-06-02 16:47:00 | INFO | repo=2017-course-sys-int-activemq-seminar | action=commit
2025-06-16 11:29:00 | WARN | repo=2017-course-sys-int-activemq-seminar | action=commit
2025-02-17 20:41:00 | WARN | repo=2017-course-sys-int-activemq-seminar | action=commit
2025-02-08 15:25:00 | WARN | repo=2017-course-sys-int-activemq-seminar | action=commit
2025-03-04 12:26:00 | INFO | repo=2017-course-sys-int-activemq-seminar | action=commit
2025-04-23 12:34:00 | WARN | repo=2017-course-sys-int-activemq-seminar | action=commit
2025-10-01 08:11:00 | INFO | repo=2017-course-sys-int-activemq-seminar | action=pull
2025-02-20 10:18:00 | WARN | repo=2017-course-sys-int-activemq-seminar | action=edit | files=1
2025-11-10 10:02:00 | DEBUG | repo=2017-course-sys-int-activemq-seminar | action=commit
2025-08-24 17:49:00 | DEBUG | repo=2017-course-sys-int-activemq-seminar | action=edit | files=1
2025-11-09 08:19:00 | DEBUG | repo=2017-course-sys-int-activemq-seminar | action=commit
2025-04-12 13:37:00 | INFO | repo=2017-course-sys-int-activemq-seminar | action=commit
2025-10-24 15:42:00 | WARN | repo=2017-course-sys-int-activemq-seminar | action=pull
2025-07-17 18:16:00 | DEBUG | repo=2017-course-sys-int-activemq-seminar | action=edit | files=4
2025-10-12 20:45:00 | WARN | repo=2017-course-sys-int-activemq-seminar | action=commit
2025-11-07 17:25:00 | WARN | repo=2017-course-sys-int-activemq-seminar | action=commit
2025-09-22 20:31:00 | WARN | repo=2017-course-sys-int-activemq-seminar | action=commit
2025-08-01 08:06:00 | WARN | repo=2017-course-sys-int-activemq-seminar | action=test | passed=true
2025-02-01 08:06:00 | DEBUG | repo=2017-course-sys-int-activemq-seminar | action=test | passed=true
2025-06-14 20:41:00 | DEBUG | repo=2017-course-sys-int-activemq-seminar | action=commit
2025-10-06 20:59:00 | INFO | repo=2017-course-sys-int-activemq-seminar | action=edit | files=1
2025-01-27 17:46:00 | WARN | repo=2017-course-sys-int-activemq-seminar | action=commit
2025-11-07 07:28:00 | DEBUG | repo=2017-course-sys-int-activemq-seminar | action=commit
2025-03-02 13:37:00 | DEBUG | repo=2017-course-sys-int-activemq-seminar | action=edit | files=3
2025-07-23 08:47:00 | WARN | repo=2017-course-sys-int-activemq-seminar | action=commit
2025-05-23 09:39:00 | DEBUG | repo=2017-course-sys-int-activemq-seminar | action=commit
2025-06-08 09:28:00 | WARN | repo=2017-course-sys-int-activemq-seminar | action=test | passed=true
2025-12-19 21:44:00 | DEBUG | repo=2017-course-sys-int-activemq-seminar | action=test | passed=true
2025-08-24 16:04:00 | DEBUG | repo=2017-course-sys-int-activemq-seminar | action=edit | files=1
2025-11-02 07:52:00 | WARN | repo=2017-course-sys-int-activemq-seminar | action=pull
2025-12-04 08:22:00 | DEBUG | repo=2017-course-sys-int-activemq-seminar | action=commit
2025-09-15 13:38:00 | INFO | repo=2017-course-sys-int-activemq-seminar | action=commit
2025-03-21 20:31:00 | WARN | repo=2017-course-sys-int-activemq-seminar | action=test | passed=true
2025-08-14 08:58:00 | WARN | repo=2017-course-sys-int-activemq-seminar | action=commit
2025-07-27 08:54:00 | WARN | repo=2017-course-sys-int-activemq-seminar | action=commit
2025-08-01 14:15:00 | INFO | repo=2017-course-sys-int-activemq-seminar | action=commit
2025-06-24 10:46:00 | DEBUG | repo=2017-course-sys-int-activemq-seminar | action=commit
2025-01-02 19:57:00 | INFO | repo=2017-course-sys-int-activemq-seminar | action=commit
2025-02-25 16:21:00 | INFO | repo=2017-course-sys-int-activemq-seminar | action=commit
2025-01-23 20:18:00 | WARN | repo=2017-course-sys-int-activemq-seminar | action=commit
2025-04-10 20:02:00 | DEBUG | repo=2017-course-sys-int-activemq-seminar | action=commit
2025-05-21 14:25:00 | WARN | repo=2017-course-sys-int-activemq-seminar | action=commit
2025-01-16 12:24:00 | DEBUG | repo=2017-course-sys-int-activemq-seminar | action=edit | files=5
2025-06-08 17:00:00 | DEBUG | repo=2017-course-sys-int-activemq-seminar | action=pull
2025-03-19 08:59:00 | DEBUG | repo=2017-course-sys-int-activemq-seminar | action=commit
2025-11-16 20:21:00 | WARN | repo=2017-course-sys-int-activemq-seminar | action=commit
2025-04-20 07:07:00 | INFO | repo=2017-course-sys-int-activemq-seminar | action=commit
2025-02-28 21:15:00 | WARN | repo=2017-course-sys-int-activemq-seminar | action=commit
2025-12-09 20:45:00 | WARN | repo=2017-course-sys-int-activemq-seminar | action=pull
2025-12-02 07:05:00 | INFO | repo=2017-course-sys-int-activemq-seminar | action=commit
2025-01-24 08:19:00 | WARN | repo=2017-course-sys-int-activemq-seminar | action=edit | files=5
2025-07-20 18:32:00 | WARN | repo=2017-course-sys-int-activemq-seminar | action=commit
2025-05-18 12:08:00 | DEBUG | repo=2017-course-sys-int-activemq-seminar | action=pull
2025-03-09 11:08:00 | DEBUG | repo=2017-course-sys-int-activemq-seminar | action=commit
2025-07-05 20:52:00 | INFO | repo=2017-course-sys-int-activemq-seminar | action=commit
2025-04-13 14:14:00 | DEBUG | repo=2017-course-sys-int-activemq-seminar | action=commit
2025-10-27 17:06:00 | WARN | repo=2017-course-sys-int-activemq-seminar | action=edit | files=1
2025-10-28 12:19:00 | DEBUG | repo=2017-course-sys-int-activemq-seminar | action=edit | files=3
2025-03-25 19:57:00 | DEBUG | repo=2017-course-sys-int-activemq-seminar | action=commit
2025-06-01 10:24:00 | WARN | repo=2017-course-sys-int-activemq-seminar | action=commit
2025-04-06 13:32:00 | WARN | repo=2017-course-sys-int-activemq-seminar | action=pull
2025-07-14 20:49:00 | DEBUG | repo=2017-course-sys-int-activemq-seminar | action=commit
2025-01-09 21:14:00 | DEBUG | repo=2017-course-sys-int-activemq-seminar | action=test | passed=true
2025-07-13 21:38:00 | WARN | repo=2017-course-sys-int-activemq-seminar | action=pull
2025-09-23 11:14:00 | DEBUG | repo=2017-course-sys-int-activemq-seminar | action=commit
